<?xml version="1.0" encoding="UTF-8"?>
<!-- Generated by org.testng.reporters.JUnitXMLReporter -->
<testsuite hostname="HISPL" failures="1" tests="1" name="Surefire test" time="0.042" errors="0" timestamp="15 Dec 2023 10:08:09 GMT">
  <testcase classname="baseTest.StandaloneTest" name="setUp" time="0.028">
    <failure type="java.lang.IllegalArgumentException">
      <![CDATA[java.lang.IllegalArgumentException
	at java.desktop/javax.print.MimeType.parse(MimeType.java:593)
	at java.desktop/javax.print.MimeType.<init>(MimeType.java:214)
	at java.desktop/javax.print.DocFlavor.<init>(DocFlavor.java:449)
	at java.desktop/javax.print.DocFlavor$URL.<init>(DocFlavor.java:973)
	at baseTest.SetUpBrowserStack.setUp(SetUpBrowserStack.java:28)
... Removed 29 stack frames]]>
    </failure>
  </testcase> <!-- setUp -->
</testsuite> <!-- Surefire test -->
