<?xml version="1.0" encoding="UTF-8"?>
<testsuite xmlns:xsi="http://www.w3.org/2001/XMLSchema-instance" xsi:noNamespaceSchemaLocation="https://maven.apache.org/surefire/maven-surefire-plugin/xsd/surefire-test-report.xsd" name="baseTest.StandaloneTest" time="0.91" tests="1" errors="0" skipped="0" failures="1">
  <properties>
[...]
</properties>
  <testcase name="setUp" classname="baseTest.StandaloneTest" time="0.033">
    <failure type="java.lang.IllegalArgumentException">java.lang.IllegalArgumentException
</failure>
  </testcase>
</testsuite>